[2023-12-29 11:05:02] local.ERROR: Please provide a valid cache path. {"exception":"[object] (InvalidArgumentException(code: 0): Please provide a valid cache path. at C:\\Users\\aaliy\\Downloads\\TELKOM UNIVERSITY\\SMT 5\\WAD\\FIKS_TUBES\\Tubes_WAD\\vendor\\laravel\\framework\\src\\Illuminate\\View\\Compilers\\Compiler.php:67)
[stacktrace]
#0 C:\\Users\\aaliy\\Downloads\\TELKOM UNIVERSITY\\SMT 5\\WAD\\FIKS_TUBES\\Tubes_WAD\\vendor\\laravel\\framework\\src\\Illuminate\\View\\ViewServiceProvider.php(96): Illuminate\\View\\Compilers\\Compiler->__construct(Object(Illuminate\\Filesystem\\Filesystem), false, '', true, 'php')
#1 C:\\Users\\aaliy\\Downloads\\TELKOM UNIVERSITY\\SMT 5\\WAD\\FIKS_TUBES\\Tubes_WAD\\vendor\\laravel\\framework\\src\\Illuminate\\Container\\Container.php(908): Illuminate\\View\\ViewServiceProvider->Illuminate\\View\\{closure}(Object(Illuminate\\Foundation\\Application), Array)
#2 C:\\Users\\aaliy\\Downloads\\TELKOM UNIVERSITY\\SMT 5\\WAD\\FIKS_TUBES\\Tubes_WAD\\vendor\\laravel\\framework\\src\\Illuminate\\Container\\Container.php(795): Illuminate\\Container\\Container->build(Object(Closure))
#3 C:\\Users\\aaliy\\Downloads\\TELKOM UNIVERSITY\\SMT 5\\WAD\\FIKS_TUBES\\Tubes_WAD\\vendor\\laravel\\framework\\src\\Illuminate\\Foundation\\Application.php(955): Illuminate\\Container\\Container->resolve('blade.compiler', Array, true)
#4 C:\\Users\\aaliy\\Downloads\\TELKOM UNIVERSITY\\SMT 5\\WAD\\FIKS_TUBES\\Tubes_WAD\\vendor\\laravel\\framework\\src\\Illuminate\\Container\\Container.php(731): Illuminate\\Foundation\\Application->resolve('blade.compiler', Array)
#5 C:\\Users\\aaliy\\Downloads\\TELKOM UNIVERSITY\\SMT 5\\WAD\\FIKS_TUBES\\Tubes_WAD\\vendor\\laravel\\framework\\src\\Illuminate\\Foundation\\Application.php(940): Illuminate\\Container\\Container->make('blade.compiler', Array)
#6 C:\\Users\\aaliy\\Downloads\\TELKOM UNIVERSITY\\SMT 5\\WAD\\FIKS_TUBES\\Tubes_WAD\\vendor\\laravel\\framework\\src\\Illuminate\\Container\\Container.php(1066): Illuminate\\Foundation\\Application->make('blade.compiler')
#7 C:\\Users\\aaliy\\Downloads\\TELKOM UNIVERSITY\\SMT 5\\WAD\\FIKS_TUBES\\Tubes_WAD\\vendor\\laravel\\framework\\src\\Illuminate\\Container\\Container.php(982): Illuminate\\Container\\Container->resolveClass(Object(ReflectionParameter))
#8 C:\\Users\\aaliy\\Downloads\\TELKOM UNIVERSITY\\SMT 5\\WAD\\FIKS_TUBES\\Tubes_WAD\\vendor\\laravel\\framework\\src\\Illuminate\\Container\\Container.php(943): Illuminate\\Container\\Container->resolveDependencies(Array)
#9 C:\\Users\\aaliy\\Downloads\\TELKOM UNIVERSITY\\SMT 5\\WAD\\FIKS_TUBES\\Tubes_WAD\\vendor\\laravel\\framework\\src\\Illuminate\\Container\\Container.php(795): Illuminate\\Container\\Container->build('Livewire\\\\Mechan...')
#10 C:\\Users\\aaliy\\Downloads\\TELKOM UNIVERSITY\\SMT 5\\WAD\\FIKS_TUBES\\Tubes_WAD\\vendor\\laravel\\framework\\src\\Illuminate\\Foundation\\Application.php(955): Illuminate\\Container\\Container->resolve('Livewire\\\\Mechan...', Array, true)
#11 C:\\Users\\aaliy\\Downloads\\TELKOM UNIVERSITY\\SMT 5\\WAD\\FIKS_TUBES\\Tubes_WAD\\vendor\\laravel\\framework\\src\\Illuminate\\Container\\Container.php(731): Illuminate\\Foundation\\Application->resolve('Livewire\\\\Mechan...', Array)
#12 C:\\Users\\aaliy\\Downloads\\TELKOM UNIVERSITY\\SMT 5\\WAD\\FIKS_TUBES\\Tubes_WAD\\vendor\\laravel\\framework\\src\\Illuminate\\Foundation\\Application.php(940): Illuminate\\Container\\Container->make('Livewire\\\\Mechan...', Array)
#13 C:\\Users\\aaliy\\Downloads\\TELKOM UNIVERSITY\\SMT 5\\WAD\\FIKS_TUBES\\Tubes_WAD\\vendor\\laravel\\framework\\src\\Illuminate\\Foundation\\helpers.php(120): Illuminate\\Foundation\\Application->make('Livewire\\\\Mechan...', Array)
#14 C:\\Users\\aaliy\\Downloads\\TELKOM UNIVERSITY\\SMT 5\\WAD\\FIKS_TUBES\\Tubes_WAD\\vendor\\livewire\\livewire\\src\\LivewireServiceProvider.php(64): app('Livewire\\\\Mechan...')
#15 C:\\Users\\aaliy\\Downloads\\TELKOM UNIVERSITY\\SMT 5\\WAD\\FIKS_TUBES\\Tubes_WAD\\vendor\\livewire\\livewire\\src\\LivewireServiceProvider.php(14): Livewire\\LivewireServiceProvider->registerMechanisms()
#16 C:\\Users\\aaliy\\Downloads\\TELKOM UNIVERSITY\\SMT 5\\WAD\\FIKS_TUBES\\Tubes_WAD\\vendor\\laravel\\framework\\src\\Illuminate\\Foundation\\Application.php(786): Livewire\\LivewireServiceProvider->register()
#17 C:\\Users\\aaliy\\Downloads\\TELKOM UNIVERSITY\\SMT 5\\WAD\\FIKS_TUBES\\Tubes_WAD\\vendor\\laravel\\framework\\src\\Illuminate\\Foundation\\ProviderRepository.php(75): Illuminate\\Foundation\\Application->register(Object(Livewire\\LivewireServiceProvider))
#18 C:\\Users\\aaliy\\Downloads\\TELKOM UNIVERSITY\\SMT 5\\WAD\\FIKS_TUBES\\Tubes_WAD\\vendor\\laravel\\framework\\src\\Illuminate\\Foundation\\Application.php(763): Illuminate\\Foundation\\ProviderRepository->load(Array)
#19 C:\\Users\\aaliy\\Downloads\\TELKOM UNIVERSITY\\SMT 5\\WAD\\FIKS_TUBES\\Tubes_WAD\\vendor\\laravel\\framework\\src\\Illuminate\\Foundation\\Bootstrap\\RegisterProviders.php(17): Illuminate\\Foundation\\Application->registerConfiguredProviders()
#20 C:\\Users\\aaliy\\Downloads\\TELKOM UNIVERSITY\\SMT 5\\WAD\\FIKS_TUBES\\Tubes_WAD\\vendor\\laravel\\framework\\src\\Illuminate\\Foundation\\Application.php(261): Illuminate\\Foundation\\Bootstrap\\RegisterProviders->bootstrap(Object(Illuminate\\Foundation\\Application))
#21 C:\\Users\\aaliy\\Downloads\\TELKOM UNIVERSITY\\SMT 5\\WAD\\FIKS_TUBES\\Tubes_WAD\\vendor\\laravel\\framework\\src\\Illuminate\\Foundation\\Console\\Kernel.php(447): Illuminate\\Foundation\\Application->bootstrapWith(Array)
#22 C:\\Users\\aaliy\\Downloads\\TELKOM UNIVERSITY\\SMT 5\\WAD\\FIKS_TUBES\\Tubes_WAD\\vendor\\laravel\\framework\\src\\Illuminate\\Foundation\\Console\\Kernel.php(199): Illuminate\\Foundation\\Console\\Kernel->bootstrap()
#23 C:\\Users\\aaliy\\Downloads\\TELKOM UNIVERSITY\\SMT 5\\WAD\\FIKS_TUBES\\Tubes_WAD\\artisan(35): Illuminate\\Foundation\\Console\\Kernel->handle(Object(Symfony\\Component\\Console\\Input\\ArgvInput), Object(Symfony\\Component\\Console\\Output\\ConsoleOutput))
#24 {main}
"} 
[2023-12-29 11:05:44] local.ERROR: Please provide a valid cache path. {"exception":"[object] (InvalidArgumentException(code: 0): Please provide a valid cache path. at C:\\Users\\aaliy\\Downloads\\TELKOM UNIVERSITY\\SMT 5\\WAD\\FIKS_TUBES\\Tubes_WAD\\vendor\\laravel\\framework\\src\\Illuminate\\View\\Compilers\\Compiler.php:67)
[stacktrace]
#0 C:\\Users\\aaliy\\Downloads\\TELKOM UNIVERSITY\\SMT 5\\WAD\\FIKS_TUBES\\Tubes_WAD\\vendor\\laravel\\framework\\src\\Illuminate\\View\\ViewServiceProvider.php(96): Illuminate\\View\\Compilers\\Compiler->__construct(Object(Illuminate\\Filesystem\\Filesystem), false, '', true, 'php')
#1 C:\\Users\\aaliy\\Downloads\\TELKOM UNIVERSITY\\SMT 5\\WAD\\FIKS_TUBES\\Tubes_WAD\\vendor\\laravel\\framework\\src\\Illuminate\\Container\\Container.php(908): Illuminate\\View\\ViewServiceProvider->Illuminate\\View\\{closure}(Object(Illuminate\\Foundation\\Application), Array)
#2 C:\\Users\\aaliy\\Downloads\\TELKOM UNIVERSITY\\SMT 5\\WAD\\FIKS_TUBES\\Tubes_WAD\\vendor\\laravel\\framework\\src\\Illuminate\\Container\\Container.php(795): Illuminate\\Container\\Container->build(Object(Closure))
#3 C:\\Users\\aaliy\\Downloads\\TELKOM UNIVERSITY\\SMT 5\\WAD\\FIKS_TUBES\\Tubes_WAD\\vendor\\laravel\\framework\\src\\Illuminate\\Foundation\\Application.php(955): Illuminate\\Container\\Container->resolve('blade.compiler', Array, true)
#4 C:\\Users\\aaliy\\Downloads\\TELKOM UNIVERSITY\\SMT 5\\WAD\\FIKS_TUBES\\Tubes_WAD\\vendor\\laravel\\framework\\src\\Illuminate\\Container\\Container.php(731): Illuminate\\Foundation\\Application->resolve('blade.compiler', Array)
#5 C:\\Users\\aaliy\\Downloads\\TELKOM UNIVERSITY\\SMT 5\\WAD\\FIKS_TUBES\\Tubes_WAD\\vendor\\laravel\\framework\\src\\Illuminate\\Foundation\\Application.php(940): Illuminate\\Container\\Container->make('blade.compiler', Array)
#6 C:\\Users\\aaliy\\Downloads\\TELKOM UNIVERSITY\\SMT 5\\WAD\\FIKS_TUBES\\Tubes_WAD\\vendor\\laravel\\framework\\src\\Illuminate\\Container\\Container.php(1066): Illuminate\\Foundation\\Application->make('blade.compiler')
#7 C:\\Users\\aaliy\\Downloads\\TELKOM UNIVERSITY\\SMT 5\\WAD\\FIKS_TUBES\\Tubes_WAD\\vendor\\laravel\\framework\\src\\Illuminate\\Container\\Container.php(982): Illuminate\\Container\\Container->resolveClass(Object(ReflectionParameter))
#8 C:\\Users\\aaliy\\Downloads\\TELKOM UNIVERSITY\\SMT 5\\WAD\\FIKS_TUBES\\Tubes_WAD\\vendor\\laravel\\framework\\src\\Illuminate\\Container\\Container.php(943): Illuminate\\Container\\Container->resolveDependencies(Array)
#9 C:\\Users\\aaliy\\Downloads\\TELKOM UNIVERSITY\\SMT 5\\WAD\\FIKS_TUBES\\Tubes_WAD\\vendor\\laravel\\framework\\src\\Illuminate\\Container\\Container.php(795): Illuminate\\Container\\Container->build('Livewire\\\\Mechan...')
#10 C:\\Users\\aaliy\\Downloads\\TELKOM UNIVERSITY\\SMT 5\\WAD\\FIKS_TUBES\\Tubes_WAD\\vendor\\laravel\\framework\\src\\Illuminate\\Foundation\\Application.php(955): Illuminate\\Container\\Container->resolve('Livewire\\\\Mechan...', Array, true)
#11 C:\\Users\\aaliy\\Downloads\\TELKOM UNIVERSITY\\SMT 5\\WAD\\FIKS_TUBES\\Tubes_WAD\\vendor\\laravel\\framework\\src\\Illuminate\\Container\\Container.php(731): Illuminate\\Foundation\\Application->resolve('Livewire\\\\Mechan...', Array)
#12 C:\\Users\\aaliy\\Downloads\\TELKOM UNIVERSITY\\SMT 5\\WAD\\FIKS_TUBES\\Tubes_WAD\\vendor\\laravel\\framework\\src\\Illuminate\\Foundation\\Application.php(940): Illuminate\\Container\\Container->make('Livewire\\\\Mechan...', Array)
#13 C:\\Users\\aaliy\\Downloads\\TELKOM UNIVERSITY\\SMT 5\\WAD\\FIKS_TUBES\\Tubes_WAD\\vendor\\laravel\\framework\\src\\Illuminate\\Foundation\\helpers.php(120): Illuminate\\Foundation\\Application->make('Livewire\\\\Mechan...', Array)
#14 C:\\Users\\aaliy\\Downloads\\TELKOM UNIVERSITY\\SMT 5\\WAD\\FIKS_TUBES\\Tubes_WAD\\vendor\\livewire\\livewire\\src\\LivewireServiceProvider.php(64): app('Livewire\\\\Mechan...')
#15 C:\\Users\\aaliy\\Downloads\\TELKOM UNIVERSITY\\SMT 5\\WAD\\FIKS_TUBES\\Tubes_WAD\\vendor\\livewire\\livewire\\src\\LivewireServiceProvider.php(14): Livewire\\LivewireServiceProvider->registerMechanisms()
#16 C:\\Users\\aaliy\\Downloads\\TELKOM UNIVERSITY\\SMT 5\\WAD\\FIKS_TUBES\\Tubes_WAD\\vendor\\laravel\\framework\\src\\Illuminate\\Foundation\\Application.php(786): Livewire\\LivewireServiceProvider->register()
#17 C:\\Users\\aaliy\\Downloads\\TELKOM UNIVERSITY\\SMT 5\\WAD\\FIKS_TUBES\\Tubes_WAD\\vendor\\laravel\\framework\\src\\Illuminate\\Foundation\\ProviderRepository.php(75): Illuminate\\Foundation\\Application->register(Object(Livewire\\LivewireServiceProvider))
#18 C:\\Users\\aaliy\\Downloads\\TELKOM UNIVERSITY\\SMT 5\\WAD\\FIKS_TUBES\\Tubes_WAD\\vendor\\laravel\\framework\\src\\Illuminate\\Foundation\\Application.php(763): Illuminate\\Foundation\\ProviderRepository->load(Array)
#19 C:\\Users\\aaliy\\Downloads\\TELKOM UNIVERSITY\\SMT 5\\WAD\\FIKS_TUBES\\Tubes_WAD\\vendor\\laravel\\framework\\src\\Illuminate\\Foundation\\Bootstrap\\RegisterProviders.php(17): Illuminate\\Foundation\\Application->registerConfiguredProviders()
#20 C:\\Users\\aaliy\\Downloads\\TELKOM UNIVERSITY\\SMT 5\\WAD\\FIKS_TUBES\\Tubes_WAD\\vendor\\laravel\\framework\\src\\Illuminate\\Foundation\\Application.php(261): Illuminate\\Foundation\\Bootstrap\\RegisterProviders->bootstrap(Object(Illuminate\\Foundation\\Application))
#21 C:\\Users\\aaliy\\Downloads\\TELKOM UNIVERSITY\\SMT 5\\WAD\\FIKS_TUBES\\Tubes_WAD\\vendor\\laravel\\framework\\src\\Illuminate\\Foundation\\Console\\Kernel.php(447): Illuminate\\Foundation\\Application->bootstrapWith(Array)
#22 C:\\Users\\aaliy\\Downloads\\TELKOM UNIVERSITY\\SMT 5\\WAD\\FIKS_TUBES\\Tubes_WAD\\vendor\\laravel\\framework\\src\\Illuminate\\Foundation\\Console\\Kernel.php(199): Illuminate\\Foundation\\Console\\Kernel->bootstrap()
#23 C:\\Users\\aaliy\\Downloads\\TELKOM UNIVERSITY\\SMT 5\\WAD\\FIKS_TUBES\\Tubes_WAD\\artisan(35): Illuminate\\Foundation\\Console\\Kernel->handle(Object(Symfony\\Component\\Console\\Input\\ArgvInput), Object(Symfony\\Component\\Console\\Output\\ConsoleOutput))
#24 {main}
"} 
